CRITICAL - 2024-07-02 16:29:18 --> Error: Class "App\Models\MyCustomRules\MyCustomRules" not found
[Method: POST, Route: api/tecnicos/crear]
in SYSTEMPATH\Validation\Validation.php on line 726.
 1 SYSTEMPATH\Validation\Validation.php(125): CodeIgniter\Validation\Validation->loadRuleSets()
 2 SYSTEMPATH\Config\Services.php(826): CodeIgniter\Validation\Validation->__construct(Object(Config\Validation), Object(CodeIgniter\View\View))
 3 SYSTEMPATH\Config\BaseService.php(320): CodeIgniter\Config\Services::validation(Object(Config\Validation), false)
 4 SYSTEMPATH\BaseModel.php(1612): CodeIgniter\Config\BaseService::__callStatic('validation', [...])
 5 SYSTEMPATH\BaseModel.php(1573): CodeIgniter\BaseModel->ensureValidation()
 6 SYSTEMPATH\BaseModel.php(809): CodeIgniter\BaseModel->validate([...])
 7 SYSTEMPATH\Model.php(802): CodeIgniter\BaseModel->insert([...], false)
 8 SYSTEMPATH\BaseModel.php(751): CodeIgniter\Model->insert(Object(stdClass), false)
 9 APPPATH\Controllers\Api\TecnicoController.php(22): CodeIgniter\BaseModel->save(Object(stdClass))
10 SYSTEMPATH\CodeIgniter.php(933): App\Controllers\Api\TecnicoController->create()
11 SYSTEMPATH\CodeIgniter.php(509): CodeIgniter\CodeIgniter->runController(Object(App\Controllers\Api\TecnicoController))
12 SYSTEMPATH\CodeIgniter.php(355): CodeIgniter\CodeIgniter->handleRequest(null, Object(Config\Cache), false)
13 SYSTEMPATH\Boot.php(325): CodeIgniter\CodeIgniter->run()
14 SYSTEMPATH\Boot.php(67): CodeIgniter\Boot::runCodeIgniter(Object(CodeIgniter\CodeIgniter))
15 FCPATH\index.php(56): CodeIgniter\Boot::bootWeb(Object(Config\Paths))
16 SYSTEMPATH\rewrite.php(44): require_once('C:\\GithubYilma\\Prueba-Tecnica-Digiosoft\\workOrdersAPI\\public\\index.php')
CRITICAL - 2024-07-02 16:29:22 --> Error: Class "App\Models\MyCustomRules\MyCustomRules" not found
[Method: POST, Route: api/clientes/crear]
in SYSTEMPATH\Validation\Validation.php on line 726.
 1 SYSTEMPATH\Validation\Validation.php(125): CodeIgniter\Validation\Validation->loadRuleSets()
 2 SYSTEMPATH\Config\Services.php(826): CodeIgniter\Validation\Validation->__construct(Object(Config\Validation), Object(CodeIgniter\View\View))
 3 SYSTEMPATH\Config\BaseService.php(320): CodeIgniter\Config\Services::validation(Object(Config\Validation), false)
 4 SYSTEMPATH\BaseModel.php(1612): CodeIgniter\Config\BaseService::__callStatic('validation', [...])
 5 SYSTEMPATH\BaseModel.php(1573): CodeIgniter\BaseModel->ensureValidation()
 6 SYSTEMPATH\BaseModel.php(809): CodeIgniter\BaseModel->validate([...])
 7 SYSTEMPATH\Model.php(802): CodeIgniter\BaseModel->insert([...], false)
 8 SYSTEMPATH\BaseModel.php(751): CodeIgniter\Model->insert(Object(stdClass), false)
 9 APPPATH\Controllers\Api\ClienteController.php(29): CodeIgniter\BaseModel->save(Object(stdClass))
10 SYSTEMPATH\CodeIgniter.php(933): App\Controllers\Api\ClienteController->create()
11 SYSTEMPATH\CodeIgniter.php(509): CodeIgniter\CodeIgniter->runController(Object(App\Controllers\Api\ClienteController))
12 SYSTEMPATH\CodeIgniter.php(355): CodeIgniter\CodeIgniter->handleRequest(null, Object(Config\Cache), false)
13 SYSTEMPATH\Boot.php(325): CodeIgniter\CodeIgniter->run()
14 SYSTEMPATH\Boot.php(67): CodeIgniter\Boot::runCodeIgniter(Object(CodeIgniter\CodeIgniter))
15 FCPATH\index.php(56): CodeIgniter\Boot::bootWeb(Object(Config\Paths))
16 SYSTEMPATH\rewrite.php(44): require_once('C:\\GithubYilma\\Prueba-Tecnica-Digiosoft\\workOrdersAPI\\public\\index.php')
CRITICAL - 2024-07-02 16:46:02 --> Error: Class "App\Models\validationRules\MyCustomRules" not found
[Method: POST, Route: api/clientes/crear]
in SYSTEMPATH\Validation\Validation.php on line 726.
 1 SYSTEMPATH\Validation\Validation.php(125): CodeIgniter\Validation\Validation->loadRuleSets()
 2 SYSTEMPATH\Config\Services.php(826): CodeIgniter\Validation\Validation->__construct(Object(Config\Validation), Object(CodeIgniter\View\View))
 3 SYSTEMPATH\Config\BaseService.php(320): CodeIgniter\Config\Services::validation(Object(Config\Validation), false)
 4 SYSTEMPATH\BaseModel.php(1612): CodeIgniter\Config\BaseService::__callStatic('validation', [...])
 5 SYSTEMPATH\BaseModel.php(1573): CodeIgniter\BaseModel->ensureValidation()
 6 SYSTEMPATH\BaseModel.php(809): CodeIgniter\BaseModel->validate([...])
 7 SYSTEMPATH\Model.php(802): CodeIgniter\BaseModel->insert([...], false)
 8 SYSTEMPATH\BaseModel.php(751): CodeIgniter\Model->insert(Object(stdClass), false)
 9 APPPATH\Controllers\Api\ClienteController.php(29): CodeIgniter\BaseModel->save(Object(stdClass))
10 SYSTEMPATH\CodeIgniter.php(933): App\Controllers\Api\ClienteController->create()
11 SYSTEMPATH\CodeIgniter.php(509): CodeIgniter\CodeIgniter->runController(Object(App\Controllers\Api\ClienteController))
12 SYSTEMPATH\CodeIgniter.php(355): CodeIgniter\CodeIgniter->handleRequest(null, Object(Config\Cache), false)
13 SYSTEMPATH\Boot.php(325): CodeIgniter\CodeIgniter->run()
14 SYSTEMPATH\Boot.php(67): CodeIgniter\Boot::runCodeIgniter(Object(CodeIgniter\CodeIgniter))
15 FCPATH\index.php(56): CodeIgniter\Boot::bootWeb(Object(Config\Paths))
16 SYSTEMPATH\rewrite.php(44): require_once('C:\\GithubYilma\\Prueba-Tecnica-Digiosoft\\workOrdersAPI\\public\\index.php')
CRITICAL - 2024-07-02 16:46:11 --> Error: Class "App\Models\validationRules\MyCustomRules" not found
[Method: POST, Route: api/clientes/crear]
in SYSTEMPATH\Validation\Validation.php on line 726.
 1 SYSTEMPATH\Validation\Validation.php(125): CodeIgniter\Validation\Validation->loadRuleSets()
 2 SYSTEMPATH\Config\Services.php(826): CodeIgniter\Validation\Validation->__construct(Object(Config\Validation), Object(CodeIgniter\View\View))
 3 SYSTEMPATH\Config\BaseService.php(320): CodeIgniter\Config\Services::validation(Object(Config\Validation), false)
 4 SYSTEMPATH\BaseModel.php(1612): CodeIgniter\Config\BaseService::__callStatic('validation', [...])
 5 SYSTEMPATH\BaseModel.php(1573): CodeIgniter\BaseModel->ensureValidation()
 6 SYSTEMPATH\BaseModel.php(809): CodeIgniter\BaseModel->validate([...])
 7 SYSTEMPATH\Model.php(802): CodeIgniter\BaseModel->insert([...], false)
 8 SYSTEMPATH\BaseModel.php(751): CodeIgniter\Model->insert(Object(stdClass), false)
 9 APPPATH\Controllers\Api\ClienteController.php(29): CodeIgniter\BaseModel->save(Object(stdClass))
10 SYSTEMPATH\CodeIgniter.php(933): App\Controllers\Api\ClienteController->create()
11 SYSTEMPATH\CodeIgniter.php(509): CodeIgniter\CodeIgniter->runController(Object(App\Controllers\Api\ClienteController))
12 SYSTEMPATH\CodeIgniter.php(355): CodeIgniter\CodeIgniter->handleRequest(null, Object(Config\Cache), false)
13 SYSTEMPATH\Boot.php(325): CodeIgniter\CodeIgniter->run()
14 SYSTEMPATH\Boot.php(67): CodeIgniter\Boot::runCodeIgniter(Object(CodeIgniter\CodeIgniter))
15 FCPATH\index.php(56): CodeIgniter\Boot::bootWeb(Object(Config\Paths))
16 SYSTEMPATH\rewrite.php(44): require_once('C:\\GithubYilma\\Prueba-Tecnica-Digiosoft\\workOrdersAPI\\public\\index.php')
CRITICAL - 2024-07-02 17:27:24 --> TypeError: CodeIgniter\Validation\StrictRules\CustomRules::idservicio_valido(): Argument #1 ($id) must be of type int, string given, called in C:\GithubYilma\Prueba-Tecnica-Digiosoft\workOrdersAPI\system\Validation\Validation.php on line 335
[Method: POST, Route: api/works/crear]
in SYSTEMPATH\Validation\StrictRules\CustomRules.php on line 11.
 1 SYSTEMPATH\Validation\Validation.php(335): CodeIgniter\Validation\StrictRules\CustomRules->idservicio_valido('1', null)
 2 SYSTEMPATH\Validation\Validation.php(201): CodeIgniter\Validation\Validation->processRules('ServicioId', 'ServicioId', '1', [...], [...], 'ServicioId')
 3 SYSTEMPATH\BaseModel.php(1577): CodeIgniter\Validation\Validation->run([...], null, null)
 4 SYSTEMPATH\BaseModel.php(809): CodeIgniter\BaseModel->validate([...])
 5 SYSTEMPATH\Model.php(802): CodeIgniter\BaseModel->insert([...], false)
 6 SYSTEMPATH\BaseModel.php(751): CodeIgniter\Model->insert(Object(stdClass), false)
 7 APPPATH\Controllers\Api\WorkorderController.php(22): CodeIgniter\BaseModel->save(Object(stdClass))
 8 SYSTEMPATH\CodeIgniter.php(933): App\Controllers\Api\WorkorderController->create()
 9 SYSTEMPATH\CodeIgniter.php(509): CodeIgniter\CodeIgniter->runController(Object(App\Controllers\Api\WorkorderController))
10 SYSTEMPATH\CodeIgniter.php(355): CodeIgniter\CodeIgniter->handleRequest(null, Object(Config\Cache), false)
11 SYSTEMPATH\Boot.php(325): CodeIgniter\CodeIgniter->run()
12 SYSTEMPATH\Boot.php(67): CodeIgniter\Boot::runCodeIgniter(Object(CodeIgniter\CodeIgniter))
13 FCPATH\index.php(56): CodeIgniter\Boot::bootWeb(Object(Config\Paths))
14 SYSTEMPATH\rewrite.php(44): require_once('C:\\GithubYilma\\Prueba-Tecnica-Digiosoft\\workOrdersAPI\\public\\index.php')
CRITICAL - 2024-07-02 17:33:23 --> TypeError: CodeIgniter\Validation\StrictRules\CustomRules::idservicio_valido(): Argument #1 ($id) must be of type int, string given, called in C:\GithubYilma\Prueba-Tecnica-Digiosoft\workOrdersAPI\system\Validation\Validation.php on line 335
[Method: POST, Route: api/works/crear]
in SYSTEMPATH\Validation\StrictRules\CustomRules.php on line 11.
 1 SYSTEMPATH\Validation\Validation.php(335): CodeIgniter\Validation\StrictRules\CustomRules->idservicio_valido('1', null)
 2 SYSTEMPATH\Validation\Validation.php(201): CodeIgniter\Validation\Validation->processRules('ServicioId', 'ServicioId', '1', [...], [...], 'ServicioId')
 3 SYSTEMPATH\BaseModel.php(1577): CodeIgniter\Validation\Validation->run([...], null, null)
 4 SYSTEMPATH\BaseModel.php(809): CodeIgniter\BaseModel->validate([...])
 5 SYSTEMPATH\Model.php(802): CodeIgniter\BaseModel->insert([...], false)
 6 SYSTEMPATH\BaseModel.php(751): CodeIgniter\Model->insert(Object(stdClass), false)
 7 APPPATH\Controllers\Api\WorkorderController.php(22): CodeIgniter\BaseModel->save(Object(stdClass))
 8 SYSTEMPATH\CodeIgniter.php(933): App\Controllers\Api\WorkorderController->create()
 9 SYSTEMPATH\CodeIgniter.php(509): CodeIgniter\CodeIgniter->runController(Object(App\Controllers\Api\WorkorderController))
10 SYSTEMPATH\CodeIgniter.php(355): CodeIgniter\CodeIgniter->handleRequest(null, Object(Config\Cache), false)
11 SYSTEMPATH\Boot.php(325): CodeIgniter\CodeIgniter->run()
12 SYSTEMPATH\Boot.php(67): CodeIgniter\Boot::runCodeIgniter(Object(CodeIgniter\CodeIgniter))
13 FCPATH\index.php(56): CodeIgniter\Boot::bootWeb(Object(Config\Paths))
14 SYSTEMPATH\rewrite.php(44): require_once('C:\\GithubYilma\\Prueba-Tecnica-Digiosoft\\workOrdersAPI\\public\\index.php')
CRITICAL - 2024-07-02 17:33:42 --> TypeError: CodeIgniter\Validation\StrictRules\CustomRules::idservicio_valido(): Argument #1 ($id) must be of type int, string given, called in C:\GithubYilma\Prueba-Tecnica-Digiosoft\workOrdersAPI\system\Validation\Validation.php on line 335
[Method: PUT, Route: api/works/editar/1]
in SYSTEMPATH\Validation\StrictRules\CustomRules.php on line 11.
 1 SYSTEMPATH\Validation\Validation.php(335): CodeIgniter\Validation\StrictRules\CustomRules->idservicio_valido('1', null)
 2 SYSTEMPATH\Validation\Validation.php(201): CodeIgniter\Validation\Validation->processRules('ServicioId', 'ServicioId', '1', [...], [...], 'ServicioId')
 3 SYSTEMPATH\BaseModel.php(1577): CodeIgniter\Validation\Validation->run([...], null, null)
 4 SYSTEMPATH\BaseModel.php(1000): CodeIgniter\BaseModel->validate([...])
 5 SYSTEMPATH\Model.php(865): CodeIgniter\BaseModel->update([...], [...])
 6 APPPATH\Controllers\Api\WorkorderController.php(63): CodeIgniter\Model->update('1', Object(stdClass))
 7 SYSTEMPATH\CodeIgniter.php(933): App\Controllers\Api\WorkorderController->update('1')
 8 SYSTEMPATH\CodeIgniter.php(509): CodeIgniter\CodeIgniter->runController(Object(App\Controllers\Api\WorkorderController))
 9 SYSTEMPATH\CodeIgniter.php(355): CodeIgniter\CodeIgniter->handleRequest(null, Object(Config\Cache), false)
10 SYSTEMPATH\Boot.php(325): CodeIgniter\CodeIgniter->run()
11 SYSTEMPATH\Boot.php(67): CodeIgniter\Boot::runCodeIgniter(Object(CodeIgniter\CodeIgniter))
12 FCPATH\index.php(56): CodeIgniter\Boot::bootWeb(Object(Config\Paths))
13 SYSTEMPATH\rewrite.php(44): require_once('C:\\GithubYilma\\Prueba-Tecnica-Digiosoft\\workOrdersAPI\\public\\index.php')
CRITICAL - 2024-07-02 17:35:25 --> TypeError: CodeIgniter\Validation\StrictRules\CustomRules::idservicio_valido(): Argument #1 ($id) must be of type int, string given, called in C:\GithubYilma\Prueba-Tecnica-Digiosoft\workOrdersAPI\system\Validation\Validation.php on line 335
[Method: POST, Route: api/works/crear]
in SYSTEMPATH\Validation\StrictRules\CustomRules.php on line 11.
 1 SYSTEMPATH\Validation\Validation.php(335): CodeIgniter\Validation\StrictRules\CustomRules->idservicio_valido('1', null)
 2 SYSTEMPATH\Validation\Validation.php(201): CodeIgniter\Validation\Validation->processRules('ServicioId', 'ServicioId', '1', [...], [...], 'ServicioId')
 3 SYSTEMPATH\BaseModel.php(1577): CodeIgniter\Validation\Validation->run([...], null, null)
 4 SYSTEMPATH\BaseModel.php(809): CodeIgniter\BaseModel->validate([...])
 5 SYSTEMPATH\Model.php(802): CodeIgniter\BaseModel->insert([...], false)
 6 SYSTEMPATH\BaseModel.php(751): CodeIgniter\Model->insert(Object(stdClass), false)
 7 APPPATH\Controllers\Api\WorkorderController.php(22): CodeIgniter\BaseModel->save(Object(stdClass))
 8 SYSTEMPATH\CodeIgniter.php(933): App\Controllers\Api\WorkorderController->create()
 9 SYSTEMPATH\CodeIgniter.php(509): CodeIgniter\CodeIgniter->runController(Object(App\Controllers\Api\WorkorderController))
10 SYSTEMPATH\CodeIgniter.php(355): CodeIgniter\CodeIgniter->handleRequest(null, Object(Config\Cache), false)
11 SYSTEMPATH\Boot.php(325): CodeIgniter\CodeIgniter->run()
12 SYSTEMPATH\Boot.php(67): CodeIgniter\Boot::runCodeIgniter(Object(CodeIgniter\CodeIgniter))
13 FCPATH\index.php(56): CodeIgniter\Boot::bootWeb(Object(Config\Paths))
14 SYSTEMPATH\rewrite.php(44): require_once('C:\\GithubYilma\\Prueba-Tecnica-Digiosoft\\workOrdersAPI\\public\\index.php')
CRITICAL - 2024-07-02 17:43:28 --> Error: Class "Config\CustomRules" not found
[Method: POST, Route: api/works/crear]
in SYSTEMPATH\Validation\Validation.php on line 726.
 1 SYSTEMPATH\Validation\Validation.php(125): CodeIgniter\Validation\Validation->loadRuleSets()
 2 SYSTEMPATH\Config\Services.php(826): CodeIgniter\Validation\Validation->__construct(Object(Config\Validation), Object(CodeIgniter\View\View))
 3 SYSTEMPATH\Config\BaseService.php(320): CodeIgniter\Config\Services::validation(Object(Config\Validation), false)
 4 SYSTEMPATH\BaseModel.php(1612): CodeIgniter\Config\BaseService::__callStatic('validation', [...])
 5 SYSTEMPATH\BaseModel.php(1573): CodeIgniter\BaseModel->ensureValidation()
 6 SYSTEMPATH\BaseModel.php(809): CodeIgniter\BaseModel->validate([...])
 7 SYSTEMPATH\Model.php(802): CodeIgniter\BaseModel->insert([...], false)
 8 SYSTEMPATH\BaseModel.php(751): CodeIgniter\Model->insert(Object(stdClass), false)
 9 APPPATH\Controllers\Api\WorkorderController.php(22): CodeIgniter\BaseModel->save(Object(stdClass))
10 SYSTEMPATH\CodeIgniter.php(933): App\Controllers\Api\WorkorderController->create()
11 SYSTEMPATH\CodeIgniter.php(509): CodeIgniter\CodeIgniter->runController(Object(App\Controllers\Api\WorkorderController))
12 SYSTEMPATH\CodeIgniter.php(355): CodeIgniter\CodeIgniter->handleRequest(null, Object(Config\Cache), false)
13 SYSTEMPATH\Boot.php(325): CodeIgniter\CodeIgniter->run()
14 SYSTEMPATH\Boot.php(67): CodeIgniter\Boot::runCodeIgniter(Object(CodeIgniter\CodeIgniter))
15 FCPATH\index.php(56): CodeIgniter\Boot::bootWeb(Object(Config\Paths))
16 SYSTEMPATH\rewrite.php(44): require_once('C:\\GithubYilma\\Prueba-Tecnica-Digiosoft\\workOrdersAPI\\public\\index.php')
CRITICAL - 2024-07-02 17:45:01 --> Error: Class "Config\CustomRules" not found
[Method: POST, Route: api/works/crear]
in SYSTEMPATH\Validation\Validation.php on line 726.
 1 SYSTEMPATH\Validation\Validation.php(125): CodeIgniter\Validation\Validation->loadRuleSets()
 2 SYSTEMPATH\Config\Services.php(826): CodeIgniter\Validation\Validation->__construct(Object(Config\Validation), Object(CodeIgniter\View\View))
 3 SYSTEMPATH\Config\BaseService.php(320): CodeIgniter\Config\Services::validation(Object(Config\Validation), false)
 4 SYSTEMPATH\BaseModel.php(1612): CodeIgniter\Config\BaseService::__callStatic('validation', [...])
 5 SYSTEMPATH\BaseModel.php(1573): CodeIgniter\BaseModel->ensureValidation()
 6 SYSTEMPATH\BaseModel.php(809): CodeIgniter\BaseModel->validate([...])
 7 SYSTEMPATH\Model.php(802): CodeIgniter\BaseModel->insert([...], false)
 8 SYSTEMPATH\BaseModel.php(751): CodeIgniter\Model->insert(Object(stdClass), false)
 9 APPPATH\Controllers\Api\WorkorderController.php(22): CodeIgniter\BaseModel->save(Object(stdClass))
10 SYSTEMPATH\CodeIgniter.php(933): App\Controllers\Api\WorkorderController->create()
11 SYSTEMPATH\CodeIgniter.php(509): CodeIgniter\CodeIgniter->runController(Object(App\Controllers\Api\WorkorderController))
12 SYSTEMPATH\CodeIgniter.php(355): CodeIgniter\CodeIgniter->handleRequest(null, Object(Config\Cache), false)
13 SYSTEMPATH\Boot.php(325): CodeIgniter\CodeIgniter->run()
14 SYSTEMPATH\Boot.php(67): CodeIgniter\Boot::runCodeIgniter(Object(CodeIgniter\CodeIgniter))
15 FCPATH\index.php(56): CodeIgniter\Boot::bootWeb(Object(Config\Paths))
16 SYSTEMPATH\rewrite.php(44): require_once('C:\\GithubYilma\\Prueba-Tecnica-Digiosoft\\workOrdersAPI\\public\\index.php')
CRITICAL - 2024-07-02 17:45:18 --> Error: Class "Config\CustomRules" not found
[Method: POST, Route: api/works/crear]
in SYSTEMPATH\Validation\Validation.php on line 726.
 1 SYSTEMPATH\Validation\Validation.php(125): CodeIgniter\Validation\Validation->loadRuleSets()
 2 SYSTEMPATH\Config\Services.php(826): CodeIgniter\Validation\Validation->__construct(Object(Config\Validation), Object(CodeIgniter\View\View))
 3 SYSTEMPATH\Config\BaseService.php(320): CodeIgniter\Config\Services::validation(Object(Config\Validation), false)
 4 SYSTEMPATH\BaseModel.php(1612): CodeIgniter\Config\BaseService::__callStatic('validation', [...])
 5 SYSTEMPATH\BaseModel.php(1573): CodeIgniter\BaseModel->ensureValidation()
 6 SYSTEMPATH\BaseModel.php(809): CodeIgniter\BaseModel->validate([...])
 7 SYSTEMPATH\Model.php(802): CodeIgniter\BaseModel->insert([...], false)
 8 SYSTEMPATH\BaseModel.php(751): CodeIgniter\Model->insert(Object(stdClass), false)
 9 APPPATH\Controllers\Api\WorkorderController.php(22): CodeIgniter\BaseModel->save(Object(stdClass))
10 SYSTEMPATH\CodeIgniter.php(933): App\Controllers\Api\WorkorderController->create()
11 SYSTEMPATH\CodeIgniter.php(509): CodeIgniter\CodeIgniter->runController(Object(App\Controllers\Api\WorkorderController))
12 SYSTEMPATH\CodeIgniter.php(355): CodeIgniter\CodeIgniter->handleRequest(null, Object(Config\Cache), false)
13 SYSTEMPATH\Boot.php(325): CodeIgniter\CodeIgniter->run()
14 SYSTEMPATH\Boot.php(67): CodeIgniter\Boot::runCodeIgniter(Object(CodeIgniter\CodeIgniter))
15 FCPATH\index.php(56): CodeIgniter\Boot::bootWeb(Object(Config\Paths))
16 SYSTEMPATH\rewrite.php(44): require_once('C:\\GithubYilma\\Prueba-Tecnica-Digiosoft\\workOrdersAPI\\public\\index.php')
CRITICAL - 2024-07-02 17:45:20 --> Error: Class "Config\CustomRules" not found
[Method: POST, Route: api/works/crear]
in SYSTEMPATH\Validation\Validation.php on line 726.
 1 SYSTEMPATH\Validation\Validation.php(125): CodeIgniter\Validation\Validation->loadRuleSets()
 2 SYSTEMPATH\Config\Services.php(826): CodeIgniter\Validation\Validation->__construct(Object(Config\Validation), Object(CodeIgniter\View\View))
 3 SYSTEMPATH\Config\BaseService.php(320): CodeIgniter\Config\Services::validation(Object(Config\Validation), false)
 4 SYSTEMPATH\BaseModel.php(1612): CodeIgniter\Config\BaseService::__callStatic('validation', [...])
 5 SYSTEMPATH\BaseModel.php(1573): CodeIgniter\BaseModel->ensureValidation()
 6 SYSTEMPATH\BaseModel.php(809): CodeIgniter\BaseModel->validate([...])
 7 SYSTEMPATH\Model.php(802): CodeIgniter\BaseModel->insert([...], false)
 8 SYSTEMPATH\BaseModel.php(751): CodeIgniter\Model->insert(Object(stdClass), false)
 9 APPPATH\Controllers\Api\WorkorderController.php(22): CodeIgniter\BaseModel->save(Object(stdClass))
10 SYSTEMPATH\CodeIgniter.php(933): App\Controllers\Api\WorkorderController->create()
11 SYSTEMPATH\CodeIgniter.php(509): CodeIgniter\CodeIgniter->runController(Object(App\Controllers\Api\WorkorderController))
12 SYSTEMPATH\CodeIgniter.php(355): CodeIgniter\CodeIgniter->handleRequest(null, Object(Config\Cache), false)
13 SYSTEMPATH\Boot.php(325): CodeIgniter\CodeIgniter->run()
14 SYSTEMPATH\Boot.php(67): CodeIgniter\Boot::runCodeIgniter(Object(CodeIgniter\CodeIgniter))
15 FCPATH\index.php(56): CodeIgniter\Boot::bootWeb(Object(Config\Paths))
16 SYSTEMPATH\rewrite.php(44): require_once('C:\\GithubYilma\\Prueba-Tecnica-Digiosoft\\workOrdersAPI\\public\\index.php')
CRITICAL - 2024-07-02 17:47:11 --> Error: Class "Config\MyCustomRules" not found
[Method: POST, Route: api/works/crear]
in SYSTEMPATH\Validation\Validation.php on line 726.
 1 SYSTEMPATH\Validation\Validation.php(125): CodeIgniter\Validation\Validation->loadRuleSets()
 2 SYSTEMPATH\Config\Services.php(826): CodeIgniter\Validation\Validation->__construct(Object(Config\Validation), Object(CodeIgniter\View\View))
 3 SYSTEMPATH\Config\BaseService.php(320): CodeIgniter\Config\Services::validation(Object(Config\Validation), false)
 4 SYSTEMPATH\BaseModel.php(1612): CodeIgniter\Config\BaseService::__callStatic('validation', [...])
 5 SYSTEMPATH\BaseModel.php(1573): CodeIgniter\BaseModel->ensureValidation()
 6 SYSTEMPATH\BaseModel.php(809): CodeIgniter\BaseModel->validate([...])
 7 SYSTEMPATH\Model.php(802): CodeIgniter\BaseModel->insert([...], false)
 8 SYSTEMPATH\BaseModel.php(751): CodeIgniter\Model->insert(Object(stdClass), false)
 9 APPPATH\Controllers\Api\WorkorderController.php(22): CodeIgniter\BaseModel->save(Object(stdClass))
10 SYSTEMPATH\CodeIgniter.php(933): App\Controllers\Api\WorkorderController->create()
11 SYSTEMPATH\CodeIgniter.php(509): CodeIgniter\CodeIgniter->runController(Object(App\Controllers\Api\WorkorderController))
12 SYSTEMPATH\CodeIgniter.php(355): CodeIgniter\CodeIgniter->handleRequest(null, Object(Config\Cache), false)
13 SYSTEMPATH\Boot.php(325): CodeIgniter\CodeIgniter->run()
14 SYSTEMPATH\Boot.php(67): CodeIgniter\Boot::runCodeIgniter(Object(CodeIgniter\CodeIgniter))
15 FCPATH\index.php(56): CodeIgniter\Boot::bootWeb(Object(Config\Paths))
16 SYSTEMPATH\rewrite.php(44): require_once('C:\\GithubYilma\\Prueba-Tecnica-Digiosoft\\workOrdersAPI\\public\\index.php')
CRITICAL - 2024-07-02 18:00:05 --> TypeError: App\Models\ValidationRules\MyCustomRules::idservicio_valido(): Argument #1 ($id) must be of type int, string given, called in C:\GithubYilma\Prueba-Tecnica-Digiosoft\workOrdersAPI\system\Validation\Validation.php on line 335
[Method: POST, Route: api/works/crear]
in APPPATH\Models\ValidationRules\MyCustomRules.php on line 12.
 1 SYSTEMPATH\Validation\Validation.php(335): App\Models\ValidationRules\MyCustomRules->idservicio_valido('1', null)
 2 SYSTEMPATH\Validation\Validation.php(201): CodeIgniter\Validation\Validation->processRules('ServicioId', 'ServicioId', '1', [...], [...], 'ServicioId')
 3 SYSTEMPATH\BaseModel.php(1577): CodeIgniter\Validation\Validation->run([...], null, null)
 4 SYSTEMPATH\BaseModel.php(809): CodeIgniter\BaseModel->validate([...])
 5 SYSTEMPATH\Model.php(802): CodeIgniter\BaseModel->insert([...], false)
 6 SYSTEMPATH\BaseModel.php(751): CodeIgniter\Model->insert(Object(stdClass), false)
 7 APPPATH\Controllers\Api\WorkorderController.php(22): CodeIgniter\BaseModel->save(Object(stdClass))
 8 SYSTEMPATH\CodeIgniter.php(933): App\Controllers\Api\WorkorderController->create()
 9 SYSTEMPATH\CodeIgniter.php(509): CodeIgniter\CodeIgniter->runController(Object(App\Controllers\Api\WorkorderController))
10 SYSTEMPATH\CodeIgniter.php(355): CodeIgniter\CodeIgniter->handleRequest(null, Object(Config\Cache), false)
11 SYSTEMPATH\Boot.php(325): CodeIgniter\CodeIgniter->run()
12 SYSTEMPATH\Boot.php(67): CodeIgniter\Boot::runCodeIgniter(Object(CodeIgniter\CodeIgniter))
13 FCPATH\index.php(56): CodeIgniter\Boot::bootWeb(Object(Config\Paths))
14 SYSTEMPATH\rewrite.php(44): require_once('C:\\GithubYilma\\Prueba-Tecnica-Digiosoft\\workOrdersAPI\\public\\index.php')
